c:\users\admin\source\repos\arkanoid\arkanoid\x64\debug\vc143.pdb
c:\users\admin\source\repos\arkanoid\arkanoid\x64\debug\vc143.idb
c:\users\admin\source\repos\arkanoid\arkanoid\x64\debug\paddle.obj
c:\users\admin\source\repos\arkanoid\arkanoid\x64\debug\arkanoid.obj
c:\users\admin\source\repos\arkanoid\arkanoid\x64\debug\ball.obj
c:\users\admin\source\repos\arkanoid\arkanoid\x64\debug\block.obj
c:\users\admin\source\repos\arkanoid\arkanoid\x64\debug\oknomenu.obj
c:\users\admin\source\repos\arkanoid\arkanoid\x64\debug\mainmenu.obj
c:\users\admin\source\repos\arkanoid\arkanoid\x64\debug\poziom1.obj
c:\users\admin\source\repos\arkanoid\arkanoid\x64\debug\levels.obj
c:\users\admin\source\repos\arkanoid\x64\debug\arkanoid.pdb
c:\users\admin\source\repos\arkanoid\arkanoid\x64\debug\arkanoid.tlog\cl.command.1.tlog
c:\users\admin\source\repos\arkanoid\arkanoid\x64\debug\arkanoid.tlog\cl.read.1.tlog
c:\users\admin\source\repos\arkanoid\arkanoid\x64\debug\arkanoid.tlog\cl.write.1.tlog
c:\users\admin\source\repos\arkanoid\arkanoid\x64\debug\arkanoid.tlog\link.8592-cvtres.read.1.tlog
c:\users\admin\source\repos\arkanoid\arkanoid\x64\debug\arkanoid.tlog\link.8592-cvtres.write.1.tlog
c:\users\admin\source\repos\arkanoid\arkanoid\x64\debug\arkanoid.tlog\link.8592-rc.read.1.tlog
c:\users\admin\source\repos\arkanoid\arkanoid\x64\debug\arkanoid.tlog\link.8592-rc.write.1.tlog
c:\users\admin\source\repos\arkanoid\arkanoid\x64\debug\arkanoid.tlog\link.8592.read.1.tlog
c:\users\admin\source\repos\arkanoid\arkanoid\x64\debug\arkanoid.tlog\link.8592.read.2.tlog
c:\users\admin\source\repos\arkanoid\arkanoid\x64\debug\arkanoid.tlog\link.8592.write.1.tlog
c:\users\admin\source\repos\arkanoid\arkanoid\x64\debug\arkanoid.tlog\link.command.1.tlog
c:\users\admin\source\repos\arkanoid\arkanoid\x64\debug\arkanoid.tlog\link.read.1.tlog
c:\users\admin\source\repos\arkanoid\arkanoid\x64\debug\arkanoid.tlog\link.write.1.tlog
